<?xml version="1.0" encoding="UTF-8"?>
<!-- Generated by org.testng.reporters.JUnitXMLReporter -->
<testsuite hostname="DESKTOP-A6TBU7J" ignored="8" name="Default test(failed)(failed)" tests="1" failures="0" timestamp="2022-08-20T11:57:21 IST" time="0.076" errors="0">
  <testcase name="s" time="0.021" classname="testngpack.Methods"/>
  <testcase name="d" time="0.0" classname="testngpack.Methods">
    <ignored/>
  </testcase> <!-- d -->
  <testcase name="g" time="0.0" classname="testngpack.Methods">
    <ignored/>
  </testcase> <!-- g -->
  <testcase name="x" time="0.0" classname="testngpack.Methods">
    <ignored/>
  </testcase> <!-- x -->
  <testcase name="f" time="0.0" classname="testngpack.Methods">
    <ignored/>
  </testcase> <!-- f -->
  <testcase name="v" time="0.0" classname="testngpack.Methods">
    <ignored/>
  </testcase> <!-- v -->
  <testcase name="z" time="0.0" classname="testngpack.Methods">
    <ignored/>
  </testcase> <!-- z -->
  <testcase name="m" time="0.0" classname="testngpack.Methods">
    <ignored/>
  </testcase> <!-- m -->
  <testcase name="n" time="0.0" classname="testngpack.Methods">
    <ignored/>
  </testcase> <!-- n -->
</testsuite> <!-- Default test(failed)(failed) -->
