<?xml version="1.0" encoding="UTF-8"?>
<!-- Generated by org.testng.reporters.JUnitXMLReporter -->
<testsuite hostname="DESKTOP-A6TBU7J" ignored="8" name="Default test(failed)" tests="1" failures="1" timestamp="2022-08-20T11:56:35 IST" time="0.065" errors="0">
  <testcase name="s" time="0.009" classname="testngpack.Methods">
    <failure type="java.lang.ArithmeticException" message="/ by zero">
      <![CDATA[java.lang.ArithmeticException: / by zero
at testngpack.Methods.s(Methods.java:26)
at java.util.ArrayList.forEach(Unknown Source)
... Removed 27 stack frames]]>
    </failure>
  </testcase> <!-- s -->
  <testcase name="d" time="0.0" classname="testngpack.Methods">
    <ignored/>
  </testcase> <!-- d -->
  <testcase name="g" time="0.0" classname="testngpack.Methods">
    <ignored/>
  </testcase> <!-- g -->
  <testcase name="x" time="0.0" classname="testngpack.Methods">
    <ignored/>
  </testcase> <!-- x -->
  <testcase name="f" time="0.0" classname="testngpack.Methods">
    <ignored/>
  </testcase> <!-- f -->
  <testcase name="v" time="0.0" classname="testngpack.Methods">
    <ignored/>
  </testcase> <!-- v -->
  <testcase name="z" time="0.0" classname="testngpack.Methods">
    <ignored/>
  </testcase> <!-- z -->
  <testcase name="m" time="0.0" classname="testngpack.Methods">
    <ignored/>
  </testcase> <!-- m -->
  <testcase name="n" time="0.0" classname="testngpack.Methods">
    <ignored/>
  </testcase> <!-- n -->
</testsuite> <!-- Default test(failed) -->
